[23:14:21] [ServerMain/INFO]: Environment: authHost='https://authserver.mojang.com', accountsHost='https://api.mojang.com', sessionHost='https://sessionserver.mojang.com', servicesHost='https://api.minecraftservices.com', name='PROD'
[23:14:22] [ServerMain/INFO]: Loaded 7 recipes
[23:14:22] [ServerMain/INFO]: Loaded 1179 advancements
[23:14:23] [Server thread/INFO]: Starting minecraft server version 1.19.4
[23:14:23] [Server thread/INFO]: Loading properties
[23:14:23] [Server thread/INFO]: Default game type: SURVIVAL
[23:14:23] [Server thread/INFO]: Generating keypair
[23:14:23] [Server thread/INFO]: Starting Minecraft server on *:25565
[23:14:23] [Server thread/INFO]: Using epoll channel type
[23:14:23] [Server thread/WARN]: **** SERVER IS RUNNING IN OFFLINE/INSECURE MODE!
[23:14:23] [Server thread/WARN]: The server will make no attempt to authenticate usernames. Beware.
[23:14:23] [Server thread/WARN]: While this makes the game possible to play without internet access, it also opens up the ability for hackers to connect with any username they choose.
[23:14:23] [Server thread/WARN]: To change this, set "online-mode" to "true" in the server.properties file.
[23:14:23] [Server thread/INFO]: Preparing level "world"
[23:14:25] [Server thread/INFO]: Preparing start region for dimension minecraft:overworld
[23:14:29] [Worker-Main-2/INFO]: Preparing spawn area: 0%
[23:14:29] [Worker-Main-2/INFO]: Preparing spawn area: 0%
[23:14:29] [Worker-Main-1/INFO]: Preparing spawn area: 0%
[23:14:29] [Worker-Main-1/INFO]: Preparing spawn area: 0%
[23:14:29] [Worker-Main-1/INFO]: Preparing spawn area: 0%
[23:14:29] [Worker-Main-3/INFO]: Preparing spawn area: 0%
[23:14:29] [Worker-Main-3/INFO]: Preparing spawn area: 0%
[23:14:29] [Worker-Main-1/INFO]: Preparing spawn area: 0%
[23:14:29] [Worker-Main-3/INFO]: Preparing spawn area: 0%
[23:14:30] [Worker-Main-2/INFO]: Preparing spawn area: 0%
[23:14:30] [Worker-Main-1/INFO]: Preparing spawn area: 9%
[23:14:31] [Worker-Main-3/INFO]: Preparing spawn area: 47%
[23:14:31] [Server thread/INFO]: Time elapsed: 5877 ms
[23:14:31] [Server thread/INFO]: Done (8.377s)! For help, type "help"
[23:15:31] [Server thread/INFO]: refkunMC[/127.113.26.116:39785] logged in with entity id 141 at (1156.9136127017944, 64.0, 679.458418650421)
[23:15:31] [Server thread/INFO]: refkunMC joined the game
[23:15:36] [Server thread/INFO]: [refkunMC: Set own game mode to Creative Mode]
[23:15:38] [Server thread/INFO]: [refkunMC: Set own game mode to Spectator Mode]
[23:15:45] [Server thread/INFO]: [refkunMC: Set own game mode to Creative Mode]
[23:16:05] [Server thread/WARN]: refkunMC moved too quickly! -1747.4254782099206,22.5714241231558,69.78244977250404
